[2022-08-22 19:28:41,936: INFO/MainProcess] Connected to redis://localhost:6379/0
[2022-08-22 19:28:41,954: INFO/MainProcess] mingle: searching for neighbors
[2022-08-22 19:28:42,456: INFO/SpawnPoolWorker-2] child process 5460 calling self.run()
[2022-08-22 19:28:42,465: INFO/SpawnPoolWorker-1] child process 16324 calling self.run()
[2022-08-22 19:28:42,483: INFO/SpawnPoolWorker-3] child process 5292 calling self.run()
[2022-08-22 19:28:42,486: INFO/SpawnPoolWorker-6] child process 16044 calling self.run()
[2022-08-22 19:28:42,492: INFO/SpawnPoolWorker-8] child process 17264 calling self.run()
[2022-08-22 19:28:42,495: INFO/SpawnPoolWorker-7] child process 12588 calling self.run()
[2022-08-22 19:28:42,495: INFO/SpawnPoolWorker-4] child process 14772 calling self.run()
[2022-08-22 19:28:42,505: INFO/SpawnPoolWorker-5] child process 8560 calling self.run()
[2022-08-22 19:28:43,015: WARNING/MainProcess] C:\Users\Vasker\PycharmProjects\python_django_group_diploma\venv\lib\site-packages\celery\app\control.py:56: DuplicateNodenameWarning: Received multiple replies from node name: celery@DESKTOP-KC1KHTN.
Please make sure you give each node a unique nodename using
the celery worker `-n` option.
  warnings.warn(DuplicateNodenameWarning(

[2022-08-22 19:28:43,015: INFO/MainProcess] mingle: all alone
[2022-08-22 19:28:43,052: WARNING/MainProcess] C:\Users\Vasker\PycharmProjects\python_django_group_diploma\venv\lib\site-packages\celery\fixups\django.py:203: UserWarning: Using settings.DEBUG leads to a memory
            leak, never use this setting in production environments!
  warnings.warn('''Using settings.DEBUG leads to a memory

[2022-08-22 19:28:43,053: INFO/MainProcess] celery@DESKTOP-KC1KHTN ready.
[2022-08-22 19:28:44,141: INFO/SpawnPoolWorker-10] child process 4596 calling self.run()
[2022-08-22 19:28:44,142: INFO/SpawnPoolWorker-9] child process 11200 calling self.run()
[2022-08-22 19:28:44,930: INFO/SpawnPoolWorker-11] child process 8368 calling self.run()
[2022-08-22 19:28:45,731: INFO/SpawnPoolWorker-12] child process 16180 calling self.run()
[2022-08-22 19:28:46,544: INFO/SpawnPoolWorker-13] child process 17040 calling self.run()
